2016-03-20 23:10:40 Request: json  | weather/q/zmw:46201.1.99999 | http://api.wunderground.com/api/52b0a04ba935dba7/conditions/forecast10day/q/zmw:46201.1.99999.json
2016-03-20 23:10:40 Cache hit: weather/q/zmw:46201.1.99999

2016-03-20 23:10:40 Request: json  | weather/q/zmw:46201.1.99999 | http://api.wunderground.com/api/52b0a04ba935dba7/conditions/forecast10day/q/zmw:46201.1.99999.json
2016-03-20 23:10:40 Cache hit: weather/q/zmw:46201.1.99999

2016-03-20 23:10:40 Request: json  | weather/q/zmw:00000.6.12838 | http://api.wunderground.com/api/52b0a04ba935dba7/conditions/forecast10day/q/zmw:00000.6.12838.json
2016-03-20 23:10:40 Cache hit: weather/q/zmw:00000.6.12838

2016-03-20 23:10:40 Request: json  | weather/q/zmw:00000.6.12838 | http://api.wunderground.com/api/52b0a04ba935dba7/conditions/forecast10day/q/zmw:00000.6.12838.json
2016-03-20 23:10:40 Cache hit: weather/q/zmw:00000.6.12838

2016-03-20 23:10:40 Request: xml   | yahoo-finance-GBPEUR | https://query.yahooapis.com/v1/public/yql?q=select%20*%20from%20yahoo.finance.xchange%20where%20pair%20in%20(%22GBPEUR%22)&diagnostics=true&env=store%3A%2F%2Fdatatables.org%2Falltableswithkeys
2016-03-20 23:10:40 Cache hit: yahoo-finance-GBPEUR

2016-03-20 23:10:40 Request: xml   | yahoo-finance-GBPHUF | https://query.yahooapis.com/v1/public/yql?q=select%20*%20from%20yahoo.finance.xchange%20where%20pair%20in%20(%22GBPHUF%22)&diagnostics=true&env=store%3A%2F%2Fdatatables.org%2Falltableswithkeys
2016-03-20 23:10:40 Cache hit: yahoo-finance-GBPHUF

2016-03-20 23:10:40 Request: xml   | yahoo-finance-EURHUF | https://query.yahooapis.com/v1/public/yql?q=select%20*%20from%20yahoo.finance.xchange%20where%20pair%20in%20(%22EURHUF%22)&diagnostics=true&env=store%3A%2F%2Fdatatables.org%2Falltableswithkeys
2016-03-20 23:10:40 Cache hit: yahoo-finance-EURHUF

2016-03-20 23:10:40 Request: json  | weather/q/zmw:00000.3.03453 | http://api.wunderground.com/api/52b0a04ba935dba7/conditions/forecast10day/q/zmw:00000.3.03453.json
2016-03-20 23:10:40 Cache hit: weather/q/zmw:00000.3.03453

2016-03-20 23:10:40 Request: json  | weather/q/zmw:00000.3.03453 | http://api.wunderground.com/api/52b0a04ba935dba7/conditions/forecast10day/q/zmw:00000.3.03453.json
2016-03-20 23:10:40 Cache hit: weather/q/zmw:00000.3.03453

2016-03-20 23:10:40 Request: xml   | yahoo-finance-USDGBP | https://query.yahooapis.com/v1/public/yql?q=select%20*%20from%20yahoo.finance.xchange%20where%20pair%20in%20(%22USDGBP%22)&diagnostics=true&env=store%3A%2F%2Fdatatables.org%2Falltableswithkeys
2016-03-20 23:10:40 Cache hit: yahoo-finance-USDGBP

2016-03-20 23:10:40 Request: xml   | yahoo-finance-EURHUF | https://query.yahooapis.com/v1/public/yql?q=select%20*%20from%20yahoo.finance.xchange%20where%20pair%20in%20(%22EURHUF%22)&diagnostics=true&env=store%3A%2F%2Fdatatables.org%2Falltableswithkeys
2016-03-20 23:10:40 Cache hit: yahoo-finance-EURHUF

2016-03-20 23:10:40 Request: xml   | currency   | http://www.ecb.europa.eu/stats/eurofxref/eurofxref-daily.xml
2016-03-20 23:10:40 Cache hit: currency

2016-03-20 23:10:40 Request: xml   | currency   | http://www.ecb.europa.eu/stats/eurofxref/eurofxref-daily.xml
2016-03-20 23:10:40 Cache hit: currency

2016-03-20 23:10:40 Request: xml   | yahoo-finance-GBPHUF | https://query.yahooapis.com/v1/public/yql?q=select%20*%20from%20yahoo.finance.xchange%20where%20pair%20in%20(%22GBPHUF%22)&diagnostics=true&env=store%3A%2F%2Fdatatables.org%2Falltableswithkeys
2016-03-20 23:10:40 Cache hit: yahoo-finance-GBPHUF

2016-03-20 23:10:40 Request: json  | weather/q/zmw:00000.3.03453 | http://api.wunderground.com/api/52b0a04ba935dba7/conditions/forecast10day/q/zmw:00000.3.03453.json
2016-03-20 23:10:40 Cache hit: weather/q/zmw:00000.3.03453

2016-03-20 23:10:40 Request: json  | weather/q/zmw:00000.3.03453 | http://api.wunderground.com/api/52b0a04ba935dba7/conditions/forecast10day/q/zmw:00000.3.03453.json
2016-03-20 23:10:40 Cache hit: weather/q/zmw:00000.3.03453

2016-03-20 23:10:40 Request: json  | weather/q/zmw:00000.6.12838 | http://api.wunderground.com/api/52b0a04ba935dba7/conditions/forecast10day/q/zmw:00000.6.12838.json
2016-03-20 23:10:40 Cache hit: weather/q/zmw:00000.6.12838

2016-03-20 23:10:40 Request: json  | weather/q/zmw:00000.6.03246 | http://api.wunderground.com/api/52b0a04ba935dba7/conditions/forecast10day/q/zmw:00000.6.03246.json
2016-03-20 23:10:40 Cache hit: weather/q/zmw:00000.6.03246

2016-03-20 23:10:40 Request: xml   | yahoo-finance-GBPEUR | https://query.yahooapis.com/v1/public/yql?q=select%20*%20from%20yahoo.finance.xchange%20where%20pair%20in%20(%22GBPEUR%22)&diagnostics=true&env=store%3A%2F%2Fdatatables.org%2Falltableswithkeys
2016-03-20 23:10:40 Cache hit: yahoo-finance-GBPEUR

2016-03-20 23:10:40 Request: json  | weather/q/zmw:00000.6.03246 | http://api.wunderground.com/api/52b0a04ba935dba7/conditions/forecast10day/q/zmw:00000.6.03246.json
2016-03-20 23:10:40 Cache hit: weather/q/zmw:00000.6.03246

2016-03-21 00:10:41 Request: json  | weather/q/zmw:46201.1.99999 | http://api.wunderground.com/api/52b0a04ba935dba7/conditions/forecast10day/q/zmw:46201.1.99999.json
2016-03-21 00:10:41 Cache hit: weather/q/zmw:46201.1.99999

2016-03-21 00:10:41 Request: json  | weather/q/zmw:00000.6.12838 | http://api.wunderground.com/api/52b0a04ba935dba7/conditions/forecast10day/q/zmw:00000.6.12838.json
2016-03-21 00:10:41 Cache hit: weather/q/zmw:00000.6.12838

2016-03-21 00:10:41 Request: json  | weather/q/zmw:46201.1.99999 | http://api.wunderground.com/api/52b0a04ba935dba7/conditions/forecast10day/q/zmw:46201.1.99999.json
2016-03-21 00:10:41 Cache hit: weather/q/zmw:46201.1.99999

2016-03-21 00:10:41 Request: xml   | yahoo-finance-GBPEUR | https://query.yahooapis.com/v1/public/yql?q=select%20*%20from%20yahoo.finance.xchange%20where%20pair%20in%20(%22GBPEUR%22)&diagnostics=true&env=store%3A%2F%2Fdatatables.org%2Falltableswithkeys
2016-03-21 00:10:41 Cache hit: yahoo-finance-GBPEUR

2016-03-21 00:10:41 Request: xml   | yahoo-finance-GBPHUF | https://query.yahooapis.com/v1/public/yql?q=select%20*%20from%20yahoo.finance.xchange%20where%20pair%20in%20(%22GBPHUF%22)&diagnostics=true&env=store%3A%2F%2Fdatatables.org%2Falltableswithkeys
2016-03-21 00:10:41 Cache hit: yahoo-finance-GBPHUF

2016-03-21 00:10:41 Request: xml   | yahoo-finance-EURHUF | https://query.yahooapis.com/v1/public/yql?q=select%20*%20from%20yahoo.finance.xchange%20where%20pair%20in%20(%22EURHUF%22)&diagnostics=true&env=store%3A%2F%2Fdatatables.org%2Falltableswithkeys
2016-03-21 00:10:41 Cache hit: yahoo-finance-EURHUF

2016-03-21 00:10:41 Request: json  | weather/q/zmw:00000.3.03453 | http://api.wunderground.com/api/52b0a04ba935dba7/conditions/forecast10day/q/zmw:00000.3.03453.json
2016-03-21 00:10:41 Cache hit: weather/q/zmw:00000.3.03453

2016-03-21 00:10:41 Request: json  | weather/q/zmw:00000.3.03453 | http://api.wunderground.com/api/52b0a04ba935dba7/conditions/forecast10day/q/zmw:00000.3.03453.json
2016-03-21 00:10:41 Cache hit: weather/q/zmw:00000.3.03453

2016-03-21 00:10:41 Request: xml   | yahoo-finance-USDGBP | https://query.yahooapis.com/v1/public/yql?q=select%20*%20from%20yahoo.finance.xchange%20where%20pair%20in%20(%22USDGBP%22)&diagnostics=true&env=store%3A%2F%2Fdatatables.org%2Falltableswithkeys
2016-03-21 00:10:41 Cache hit: yahoo-finance-USDGBP

2016-03-21 00:10:41 Request: xml   | yahoo-finance-EURHUF | https://query.yahooapis.com/v1/public/yql?q=select%20*%20from%20yahoo.finance.xchange%20where%20pair%20in%20(%22EURHUF%22)&diagnostics=true&env=store%3A%2F%2Fdatatables.org%2Falltableswithkeys
2016-03-21 00:10:41 Cache hit: yahoo-finance-EURHUF

2016-03-21 00:10:41 Request: xml   | yahoo-finance-GBPHUF | https://query.yahooapis.com/v1/public/yql?q=select%20*%20from%20yahoo.finance.xchange%20where%20pair%20in%20(%22GBPHUF%22)&diagnostics=true&env=store%3A%2F%2Fdatatables.org%2Falltableswithkeys
2016-03-21 00:10:41 Cache hit: yahoo-finance-GBPHUF

2016-03-21 00:10:41 Request: xml   | currency   | http://www.ecb.europa.eu/stats/eurofxref/eurofxref-daily.xml
2016-03-21 00:10:41 Cache hit: currency

2016-03-21 00:10:41 Request: xml   | currency   | http://www.ecb.europa.eu/stats/eurofxref/eurofxref-daily.xml
2016-03-21 00:10:41 Cache hit: currency

2016-03-21 00:10:41 Request: json  | weather/q/zmw:00000.6.12838 | http://api.wunderground.com/api/52b0a04ba935dba7/conditions/forecast10day/q/zmw:00000.6.12838.json
2016-03-21 00:10:41 Cache hit: weather/q/zmw:00000.6.12838

2016-03-21 00:10:41 Request: json  | weather/q/zmw:00000.3.03453 | http://api.wunderground.com/api/52b0a04ba935dba7/conditions/forecast10day/q/zmw:00000.3.03453.json
2016-03-21 00:10:41 Cache hit: weather/q/zmw:00000.3.03453

2016-03-21 00:10:41 Request: json  | weather/q/zmw:00000.3.03453 | http://api.wunderground.com/api/52b0a04ba935dba7/conditions/forecast10day/q/zmw:00000.3.03453.json
2016-03-21 00:10:41 Cache hit: weather/q/zmw:00000.3.03453

2016-03-21 00:10:41 Request: json  | weather/q/zmw:00000.6.12838 | http://api.wunderground.com/api/52b0a04ba935dba7/conditions/forecast10day/q/zmw:00000.6.12838.json
2016-03-21 00:10:41 Cache hit: weather/q/zmw:00000.6.12838

2016-03-21 00:10:41 Request: json  | weather/q/zmw:00000.6.03246 | http://api.wunderground.com/api/52b0a04ba935dba7/conditions/forecast10day/q/zmw:00000.6.03246.json
2016-03-21 00:10:41 Cache hit: weather/q/zmw:00000.6.03246

2016-03-21 00:10:41 Request: json  | weather/q/zmw:00000.6.03246 | http://api.wunderground.com/api/52b0a04ba935dba7/conditions/forecast10day/q/zmw:00000.6.03246.json
2016-03-21 00:10:41 Cache hit: weather/q/zmw:00000.6.03246

2016-03-21 00:10:41 Request: xml   | yahoo-finance-GBPEUR | https://query.yahooapis.com/v1/public/yql?q=select%20*%20from%20yahoo.finance.xchange%20where%20pair%20in%20(%22GBPEUR%22)&diagnostics=true&env=store%3A%2F%2Fdatatables.org%2Falltableswithkeys
2016-03-21 00:10:41 Cache hit: yahoo-finance-GBPEUR

2016-03-21 01:10:42 Request: json  | weather/q/zmw:46201.1.99999 | http://api.wunderground.com/api/52b0a04ba935dba7/conditions/forecast10day/q/zmw:46201.1.99999.json
2016-03-21 01:10:42 Cache hit: weather/q/zmw:46201.1.99999

2016-03-21 01:10:42 Request: json  | weather/q/zmw:00000.6.12838 | http://api.wunderground.com/api/52b0a04ba935dba7/conditions/forecast10day/q/zmw:00000.6.12838.json
2016-03-21 01:10:42 Cache hit: weather/q/zmw:00000.6.12838

2016-03-21 01:10:42 Request: xml   | yahoo-finance-GBPEUR | https://query.yahooapis.com/v1/public/yql?q=select%20*%20from%20yahoo.finance.xchange%20where%20pair%20in%20(%22GBPEUR%22)&diagnostics=true&env=store%3A%2F%2Fdatatables.org%2Falltableswithkeys
2016-03-21 01:10:42 Cache hit: yahoo-finance-GBPEUR

2016-03-21 01:10:42 Request: xml   | yahoo-finance-GBPHUF | https://query.yahooapis.com/v1/public/yql?q=select%20*%20from%20yahoo.finance.xchange%20where%20pair%20in%20(%22GBPHUF%22)&diagnostics=true&env=store%3A%2F%2Fdatatables.org%2Falltableswithkeys
2016-03-21 01:10:42 Cache hit: yahoo-finance-GBPHUF

2016-03-21 01:10:42 Request: xml   | yahoo-finance-EURHUF | https://query.yahooapis.com/v1/public/yql?q=select%20*%20from%20yahoo.finance.xchange%20where%20pair%20in%20(%22EURHUF%22)&diagnostics=true&env=store%3A%2F%2Fdatatables.org%2Falltableswithkeys
2016-03-21 01:10:42 Cache hit: yahoo-finance-EURHUF

2016-03-21 01:10:42 Request: json  | weather/q/zmw:00000.3.03453 | http://api.wunderground.com/api/52b0a04ba935dba7/conditions/forecast10day/q/zmw:00000.3.03453.json
2016-03-21 01:10:42 Cache hit: weather/q/zmw:00000.3.03453

2016-03-21 01:10:42 Request: json  | weather/q/zmw:00000.3.03453 | http://api.wunderground.com/api/52b0a04ba935dba7/conditions/forecast10day/q/zmw:00000.3.03453.json
2016-03-21 01:10:42 Cache hit: weather/q/zmw:00000.3.03453

2016-03-21 01:10:42 Request: xml   | yahoo-finance-USDGBP | https://query.yahooapis.com/v1/public/yql?q=select%20*%20from%20yahoo.finance.xchange%20where%20pair%20in%20(%22USDGBP%22)&diagnostics=true&env=store%3A%2F%2Fdatatables.org%2Falltableswithkeys
2016-03-21 01:10:42 Cache hit: yahoo-finance-USDGBP

2016-03-21 01:10:42 Request: xml   | yahoo-finance-GBPHUF | https://query.yahooapis.com/v1/public/yql?q=select%20*%20from%20yahoo.finance.xchange%20where%20pair%20in%20(%22GBPHUF%22)&diagnostics=true&env=store%3A%2F%2Fdatatables.org%2Falltableswithkeys
2016-03-21 01:10:42 Cache hit: yahoo-finance-GBPHUF

2016-03-21 01:10:42 Request: xml   | yahoo-finance-EURHUF | https://query.yahooapis.com/v1/public/yql?q=select%20*%20from%20yahoo.finance.xchange%20where%20pair%20in%20(%22EURHUF%22)&diagnostics=true&env=store%3A%2F%2Fdatatables.org%2Falltableswithkeys
2016-03-21 01:10:42 Cache hit: yahoo-finance-EURHUF

2016-03-21 01:10:42 Request: json  | weather/q/zmw:00000.3.03453 | http://api.wunderground.com/api/52b0a04ba935dba7/conditions/forecast10day/q/zmw:00000.3.03453.json
2016-03-21 01:10:42 Cache hit: weather/q/zmw:00000.3.03453

2016-03-21 01:10:42 Request: json  | weather/q/zmw:00000.3.03453 | http://api.wunderground.com/api/52b0a04ba935dba7/conditions/forecast10day/q/zmw:00000.3.03453.json
2016-03-21 01:10:42 Cache hit: weather/q/zmw:00000.3.03453

2016-03-21 01:10:42 Request: json  | weather/q/zmw:00000.6.12838 | http://api.wunderground.com/api/52b0a04ba935dba7/conditions/forecast10day/q/zmw:00000.6.12838.json
2016-03-21 01:10:42 Cache hit: weather/q/zmw:00000.6.12838

2016-03-21 01:10:42 Request: json  | weather/q/zmw:00000.6.12838 | http://api.wunderground.com/api/52b0a04ba935dba7/conditions/forecast10day/q/zmw:00000.6.12838.json
2016-03-21 01:10:42 Cache hit: weather/q/zmw:00000.6.12838

2016-03-21 01:10:42 Request: xml   | currency   | http://www.ecb.europa.eu/stats/eurofxref/eurofxref-daily.xml
2016-03-21 01:10:42 Cache hit: currency

2016-03-21 01:10:42 Request: xml   | currency   | http://www.ecb.europa.eu/stats/eurofxref/eurofxref-daily.xml
2016-03-21 01:10:42 Cache hit: currency

2016-03-21 01:10:42 Request: xml   | yahoo-finance-GBPEUR | https://query.yahooapis.com/v1/public/yql?q=select%20*%20from%20yahoo.finance.xchange%20where%20pair%20in%20(%22GBPEUR%22)&diagnostics=true&env=store%3A%2F%2Fdatatables.org%2Falltableswithkeys
2016-03-21 01:10:42 Cache hit: yahoo-finance-GBPEUR

2016-03-21 01:10:42 Request: json  | weather/q/zmw:00000.6.03246 | http://api.wunderground.com/api/52b0a04ba935dba7/conditions/forecast10day/q/zmw:00000.6.03246.json
2016-03-21 01:10:42 Cache hit: weather/q/zmw:00000.6.03246

2016-03-21 01:10:42 Request: json  | weather/q/zmw:00000.6.03246 | http://api.wunderground.com/api/52b0a04ba935dba7/conditions/forecast10day/q/zmw:00000.6.03246.json
2016-03-21 01:10:42 Cache hit: weather/q/zmw:00000.6.03246

2016-03-21 22:52:22 Request: xml   | currency   | http://www.ecb.europa.eu/stats/eurofxref/eurofxref-daily.xml
2016-03-21 22:52:22 Cache miss: currency
2016-03-21 22:52:22 Get data xml from http://www.ecb.europa.eu/stats/eurofxref/eurofxref-daily.xml

2016-03-21 22:52:22 Request: xml   | currency   | http://www.ecb.europa.eu/stats/eurofxref/eurofxref-daily.xml
2016-03-21 22:52:22 Cache miss: currency
2016-03-21 22:52:22 Get data xml from http://www.ecb.europa.eu/stats/eurofxref/eurofxref-daily.xml

2016-03-21 22:52:22 Request: json  | weather/q/zmw:00000.6.12838 | http://api.wunderground.com/api/52b0a04ba935dba7/conditions/forecast10day/q/zmw:00000.6.12838.json
2016-03-21 22:52:22 Cache miss: weather/q/zmw:00000.6.12838
2016-03-21 22:52:22 Get data json from http://api.wunderground.com/api/52b0a04ba935dba7/conditions/forecast10day/q/zmw:00000.6.12838.json

2016-03-21 22:52:22 Request: json  | weather/q/zmw:46201.1.99999 | http://api.wunderground.com/api/52b0a04ba935dba7/conditions/forecast10day/q/zmw:46201.1.99999.json
2016-03-21 22:52:22 Cache miss: weather/q/zmw:46201.1.99999
2016-03-21 22:52:22 Get data json from http://api.wunderground.com/api/52b0a04ba935dba7/conditions/forecast10day/q/zmw:46201.1.99999.json

2016-03-21 22:52:22 Request: json  | weather/q/zmw:46201.1.99999 | http://api.wunderground.com/api/52b0a04ba935dba7/conditions/forecast10day/q/zmw:46201.1.99999.json
2016-03-21 22:52:22 Cache miss: weather/q/zmw:46201.1.99999
2016-03-21 22:52:22 Get data json from http://api.wunderground.com/api/52b0a04ba935dba7/conditions/forecast10day/q/zmw:46201.1.99999.json

2016-03-21 22:52:22 Request: json  | weather/q/zmw:00000.6.12838 | http://api.wunderground.com/api/52b0a04ba935dba7/conditions/forecast10day/q/zmw:00000.6.12838.json
2016-03-21 22:52:22 Cache miss: weather/q/zmw:00000.6.12838
2016-03-21 22:52:22 Get data json from http://api.wunderground.com/api/52b0a04ba935dba7/conditions/forecast10day/q/zmw:00000.6.12838.json

2016-03-21 22:52:22 Request: xml   | yahoo-finance-EURHUF | https://query.yahooapis.com/v1/public/yql?q=select%20*%20from%20yahoo.finance.xchange%20where%20pair%20in%20(%22EURHUF%22)&diagnostics=true&env=store%3A%2F%2Fdatatables.org%2Falltableswithkeys
2016-03-21 22:52:22 Cache miss: yahoo-finance-EURHUF
2016-03-21 22:52:22 Get data xml from https://query.yahooapis.com/v1/public/yql?q=select%20*%20from%20yahoo.finance.xchange%20where%20pair%20in%20(%22EURHUF%22)&diagnostics=true&env=store%3A%2F%2Fdatatables.org%2Falltableswithkeys

2016-03-21 22:52:22 Request: xml   | yahoo-finance-GBPEUR | https://query.yahooapis.com/v1/public/yql?q=select%20*%20from%20yahoo.finance.xchange%20where%20pair%20in%20(%22GBPEUR%22)&diagnostics=true&env=store%3A%2F%2Fdatatables.org%2Falltableswithkeys
2016-03-21 22:52:22 Cache miss: yahoo-finance-GBPEUR
2016-03-21 22:52:22 Get data xml from https://query.yahooapis.com/v1/public/yql?q=select%20*%20from%20yahoo.finance.xchange%20where%20pair%20in%20(%22GBPEUR%22)&diagnostics=true&env=store%3A%2F%2Fdatatables.org%2Falltableswithkeys

2016-03-21 22:52:23 Request: xml   | yahoo-finance-EURHUF | https://query.yahooapis.com/v1/public/yql?q=select%20*%20from%20yahoo.finance.xchange%20where%20pair%20in%20(%22EURHUF%22)&diagnostics=true&env=store%3A%2F%2Fdatatables.org%2Falltableswithkeys
2016-03-21 22:52:23 Cache hit: yahoo-finance-EURHUF

2016-03-21 22:52:23 Request: xml   | currency   | http://www.ecb.europa.eu/stats/eurofxref/eurofxref-daily.xml
2016-03-21 22:52:23 Cache hit: currency

2016-03-21 22:52:23 Request: xml   | currency   | http://www.ecb.europa.eu/stats/eurofxref/eurofxref-daily.xml
2016-03-21 22:52:23 Cache hit: currency

2016-03-21 22:52:23 Request: json  | weather/q/zmw:00000.3.03453 | http://api.wunderground.com/api/52b0a04ba935dba7/conditions/forecast10day/q/zmw:00000.3.03453.json
2016-03-21 22:52:23 Cache miss: weather/q/zmw:00000.3.03453
2016-03-21 22:52:23 Get data json from http://api.wunderground.com/api/52b0a04ba935dba7/conditions/forecast10day/q/zmw:00000.3.03453.json

2016-03-21 22:52:23 Request: json  | weather/q/zmw:00000.3.03453 | http://api.wunderground.com/api/52b0a04ba935dba7/conditions/forecast10day/q/zmw:00000.3.03453.json
2016-03-21 22:52:23 Cache hit: weather/q/zmw:00000.3.03453

2016-03-21 22:52:23 Request: json  | weather/q/zmw:00000.3.03453 | http://api.wunderground.com/api/52b0a04ba935dba7/conditions/forecast10day/q/zmw:00000.3.03453.json
2016-03-21 22:52:23 Cache miss: weather/q/zmw:00000.3.03453
2016-03-21 22:52:23 Get data json from http://api.wunderground.com/api/52b0a04ba935dba7/conditions/forecast10day/q/zmw:00000.3.03453.json

2016-03-21 22:52:23 Request: json  | weather/q/zmw:00000.6.12838 | http://api.wunderground.com/api/52b0a04ba935dba7/conditions/forecast10day/q/zmw:00000.6.12838.json
2016-03-21 22:52:23 Cache hit: weather/q/zmw:00000.6.12838

2016-03-21 22:52:23 Request: xml   | yahoo-finance-GBPHUF | https://query.yahooapis.com/v1/public/yql?q=select%20*%20from%20yahoo.finance.xchange%20where%20pair%20in%20(%22GBPHUF%22)&diagnostics=true&env=store%3A%2F%2Fdatatables.org%2Falltableswithkeys
2016-03-21 22:52:23 Cache miss: yahoo-finance-GBPHUF
2016-03-21 22:52:23 Get data xml from https://query.yahooapis.com/v1/public/yql?q=select%20*%20from%20yahoo.finance.xchange%20where%20pair%20in%20(%22GBPHUF%22)&diagnostics=true&env=store%3A%2F%2Fdatatables.org%2Falltableswithkeys

2016-03-21 22:52:23 Request: xml   | yahoo-finance-GBPEUR | https://query.yahooapis.com/v1/public/yql?q=select%20*%20from%20yahoo.finance.xchange%20where%20pair%20in%20(%22GBPEUR%22)&diagnostics=true&env=store%3A%2F%2Fdatatables.org%2Falltableswithkeys
2016-03-21 22:52:23 Cache hit: yahoo-finance-GBPEUR

2016-03-21 22:52:23 Request: xml   | yahoo-finance-USDGBP | https://query.yahooapis.com/v1/public/yql?q=select%20*%20from%20yahoo.finance.xchange%20where%20pair%20in%20(%22USDGBP%22)&diagnostics=true&env=store%3A%2F%2Fdatatables.org%2Falltableswithkeys
2016-03-21 22:52:23 Cache miss: yahoo-finance-USDGBP
2016-03-21 22:52:23 Get data xml from https://query.yahooapis.com/v1/public/yql?q=select%20*%20from%20yahoo.finance.xchange%20where%20pair%20in%20(%22USDGBP%22)&diagnostics=true&env=store%3A%2F%2Fdatatables.org%2Falltableswithkeys

2016-03-21 22:52:23 Request: xml   | yahoo-finance-GBPHUF | https://query.yahooapis.com/v1/public/yql?q=select%20*%20from%20yahoo.finance.xchange%20where%20pair%20in%20(%22GBPHUF%22)&diagnostics=true&env=store%3A%2F%2Fdatatables.org%2Falltableswithkeys
2016-03-21 22:52:23 Cache miss: yahoo-finance-GBPHUF
2016-03-21 22:52:23 Get data xml from https://query.yahooapis.com/v1/public/yql?q=select%20*%20from%20yahoo.finance.xchange%20where%20pair%20in%20(%22GBPHUF%22)&diagnostics=true&env=store%3A%2F%2Fdatatables.org%2Falltableswithkeys

2016-03-21 22:52:23 Request: json  | weather/q/zmw:00000.3.03453 | http://api.wunderground.com/api/52b0a04ba935dba7/conditions/forecast10day/q/zmw:00000.3.03453.json
2016-03-21 22:52:23 Cache miss: weather/q/zmw:00000.3.03453
2016-03-21 22:52:23 Get data json from http://api.wunderground.com/api/52b0a04ba935dba7/conditions/forecast10day/q/zmw:00000.3.03453.json

2016-03-21 22:52:23 Request: json  | weather/q/zmw:00000.6.03246 | http://api.wunderground.com/api/52b0a04ba935dba7/conditions/forecast10day/q/zmw:00000.6.03246.json
2016-03-21 22:52:23 Cache miss: weather/q/zmw:00000.6.03246
2016-03-21 22:52:23 Get data json from http://api.wunderground.com/api/52b0a04ba935dba7/conditions/forecast10day/q/zmw:00000.6.03246.json

2016-03-21 22:52:23 Request: json  | weather/q/zmw:00000.6.03246 | http://api.wunderground.com/api/52b0a04ba935dba7/conditions/forecast10day/q/zmw:00000.6.03246.json
2016-03-21 22:52:23 Cache miss: weather/q/zmw:00000.6.03246
2016-03-21 22:52:23 Get data json from http://api.wunderground.com/api/52b0a04ba935dba7/conditions/forecast10day/q/zmw:00000.6.03246.json

